INFO: Created TensorFlow Lite XNNPACK delegate for CPU.
 * Serving Flask app 'birdnet_server'
 * Debug mode: on
[31m[1mWARNING: This is a development server. Do not use it in a production deployment. Use a production WSGI server instead.[0m
 * Running on http://127.0.0.1:5002
[33mPress CTRL+C to quit[0m
 * Restarting with stat
INFO: Created TensorFlow Lite XNNPACK delegate for CPU.
 * Debugger is active!
 * Debugger PIN: 118-117-002
Generating local species list with lat: 36.018, lon: -78.969, week: 47
Spliiting audio file /Users/yudong/dev/birdnet-pipy/data/recordings/20231116_150407.wav into 3 second chunks
Reading audio data... 127.0.0.1 - - [20/Nov/2023 17:09:38] "POST /analyze HTTP/1.1" 200 -
Done! Read 3 chunks.
Analyzing audio chunks with sensitivity: 0.75, cutoff: 0.6
Finished analyzing file: /Users/yudong/dev/birdnet-pipy/data/recordings/20231116_150407.wav, total detections: 2
Generating local species list with lat: 36.018, lon: -78.969, week: 47
Spliiting audio file /Users/yudong/dev/birdnet-pipy/data/recordings/20231116_150416.wav into 3 second chunks
Reading audio data... 127.0.0.1 - - [20/Nov/2023 17:09:39] "POST /analyze HTTP/1.1" 200 -
Done! Read 3 chunks.
Analyzing audio chunks with sensitivity: 0.75, cutoff: 0.6
Finished analyzing file: /Users/yudong/dev/birdnet-pipy/data/recordings/20231116_150416.wav, total detections: 1
Generating local species list with lat: 36.018, lon: -78.969, week: 47
Spliiting audio file /Users/yudong/dev/birdnet-pipy/data/recordings/20231116_150426.wav into 3 second chunks
Reading audio data... 127.0.0.1 - - [20/Nov/2023 17:09:39] "POST /analyze HTTP/1.1" 200 -
Done! Read 3 chunks.
Analyzing audio chunks with sensitivity: 0.75, cutoff: 0.6
Finished analyzing file: /Users/yudong/dev/birdnet-pipy/data/recordings/20231116_150426.wav, total detections: 2
Generating local species list with lat: 36.018, lon: -78.969, week: 47
Spliiting audio file /Users/yudong/dev/birdnet-pipy/data/recordings/20231116_150435.wav into 3 second chunks
Reading audio data... 127.0.0.1 - - [20/Nov/2023 17:09:40] "POST /analyze HTTP/1.1" 200 -
Done! Read 3 chunks.
Analyzing audio chunks with sensitivity: 0.75, cutoff: 0.6
Finished analyzing file: /Users/yudong/dev/birdnet-pipy/data/recordings/20231116_150435.wav, total detections: 1
Generating local species list with lat: 36.018, lon: -78.969, week: 47
Spliiting audio file /Users/yudong/dev/birdnet-pipy/data/recordings/20231116_150444.wav into 3 second chunks
Reading audio data... 127.0.0.1 - - [20/Nov/2023 17:09:40] "POST /analyze HTTP/1.1" 200 -
Done! Read 3 chunks.
Analyzing audio chunks with sensitivity: 0.75, cutoff: 0.6
Finished analyzing file: /Users/yudong/dev/birdnet-pipy/data/recordings/20231116_150444.wav, total detections: 2
Generating local species list with lat: 36.018, lon: -78.969, week: 47
Spliiting audio file /Users/yudong/dev/birdnet-pipy/data/recordings/20231116_193815.wav into 3 second chunks
Reading audio data... 127.0.0.1 - - [20/Nov/2023 17:09:41] "POST /analyze HTTP/1.1" 200 -
Done! Read 3 chunks.
Analyzing audio chunks with sensitivity: 0.75, cutoff: 0.6
Finished analyzing file: /Users/yudong/dev/birdnet-pipy/data/recordings/20231116_193815.wav, total detections: 1
Generating local species list with lat: 36.018, lon: -78.969, week: 47
Spliiting audio file /Users/yudong/dev/birdnet-pipy/data/recordings/20231116_193824.wav into 3 second chunks
Reading audio data... 127.0.0.1 - - [20/Nov/2023 17:09:41] "POST /analyze HTTP/1.1" 200 -
Done! Read 3 chunks.
Analyzing audio chunks with sensitivity: 0.75, cutoff: 0.6
Finished analyzing file: /Users/yudong/dev/birdnet-pipy/data/recordings/20231116_193824.wav, total detections: 3
Generating local species list with lat: 36.018, lon: -78.969, week: 47
Spliiting audio file /Users/yudong/dev/birdnet-pipy/data/recordings/20231116_193833.wav into 3 second chunks
Reading audio data... 127.0.0.1 - - [20/Nov/2023 17:09:42] "POST /analyze HTTP/1.1" 200 -
Done! Read 3 chunks.
Analyzing audio chunks with sensitivity: 0.75, cutoff: 0.6
Finished analyzing file: /Users/yudong/dev/birdnet-pipy/data/recordings/20231116_193833.wav, total detections: 0
Generating local species list with lat: 36.018, lon: -78.969, week: 47
Spliiting audio file /Users/yudong/dev/birdnet-pipy/data/recordings/20231116_193842.wav into 3 second chunks
Reading audio data... 127.0.0.1 - - [20/Nov/2023 17:09:42] "POST /analyze HTTP/1.1" 200 -
Done! Read 3 chunks.
Analyzing audio chunks with sensitivity: 0.75, cutoff: 0.6
Finished analyzing file: /Users/yudong/dev/birdnet-pipy/data/recordings/20231116_193842.wav, total detections: 0
Generating local species list with lat: 36.018, lon: -78.969, week: 47
Spliiting audio file /Users/yudong/dev/birdnet-pipy/data/recordings/20231116_193852.wav into 3 second chunks
Reading audio data... 127.0.0.1 - - [20/Nov/2023 17:09:42] "POST /analyze HTTP/1.1" 200 -
Done! Read 3 chunks.
Analyzing audio chunks with sensitivity: 0.75, cutoff: 0.6
Finished analyzing file: /Users/yudong/dev/birdnet-pipy/data/recordings/20231116_193852.wav, total detections: 0
Generating local species list with lat: 36.018, lon: -78.969, week: 47
Spliiting audio file /Users/yudong/dev/birdnet-pipy/data/recordings/20231116_193905.wav into 3 second chunks
Reading audio data... 127.0.0.1 - - [20/Nov/2023 17:09:42] "POST /analyze HTTP/1.1" 200 -
Done! Read 3 chunks.
Analyzing audio chunks with sensitivity: 0.75, cutoff: 0.6
Finished analyzing file: /Users/yudong/dev/birdnet-pipy/data/recordings/20231116_193905.wav, total detections: 0
Generating local species list with lat: 36.018, lon: -78.969, week: 47
Spliiting audio file /Users/yudong/dev/birdnet-pipy/data/recordings/20231116_193914.wav into 3 second chunks
Reading audio data... 127.0.0.1 - - [20/Nov/2023 17:09:42] "POST /analyze HTTP/1.1" 200 -
Done! Read 3 chunks.
Analyzing audio chunks with sensitivity: 0.75, cutoff: 0.6
Finished analyzing file: /Users/yudong/dev/birdnet-pipy/data/recordings/20231116_193914.wav, total detections: 0
Generating local species list with lat: 36.018, lon: -78.969, week: 47
Spliiting audio file /Users/yudong/dev/birdnet-pipy/data/recordings/20231116_193924.wav into 3 second chunks
Reading audio data... 127.0.0.1 - - [20/Nov/2023 17:09:43] "POST /analyze HTTP/1.1" 200 -
Done! Read 3 chunks.
Analyzing audio chunks with sensitivity: 0.75, cutoff: 0.6
Finished analyzing file: /Users/yudong/dev/birdnet-pipy/data/recordings/20231116_193924.wav, total detections: 0
Generating local species list with lat: 36.018, lon: -78.969, week: 47
Spliiting audio file /Users/yudong/dev/birdnet-pipy/data/recordings/20231116_193933.wav into 3 second chunks
Reading audio data... 127.0.0.1 - - [20/Nov/2023 17:09:43] "POST /analyze HTTP/1.1" 200 -
Done! Read 3 chunks.
Analyzing audio chunks with sensitivity: 0.75, cutoff: 0.6
Finished analyzing file: /Users/yudong/dev/birdnet-pipy/data/recordings/20231116_193933.wav, total detections: 0
Generating local species list with lat: 36.018, lon: -78.969, week: 47
Spliiting audio file /Users/yudong/dev/birdnet-pipy/data/recordings/20231116_193942.wav into 3 second chunks
Reading audio data... 127.0.0.1 - - [20/Nov/2023 17:09:43] "POST /analyze HTTP/1.1" 200 -
Done! Read 3 chunks.
Analyzing audio chunks with sensitivity: 0.75, cutoff: 0.6
Finished analyzing file: /Users/yudong/dev/birdnet-pipy/data/recordings/20231116_193942.wav, total detections: 0
Generating local species list with lat: 36.018, lon: -78.969, week: 47
Spliiting audio file /Users/yudong/dev/birdnet-pipy/data/recordings/20231116_195616.wav into 3 second chunks
Reading audio data... 127.0.0.1 - - [20/Nov/2023 17:09:43] "POST /analyze HTTP/1.1" 200 -
Done! Read 3 chunks.
Analyzing audio chunks with sensitivity: 0.75, cutoff: 0.6
Finished analyzing file: /Users/yudong/dev/birdnet-pipy/data/recordings/20231116_195616.wav, total detections: 2
Generating local species list with lat: 36.018, lon: -78.969, week: 47
Spliiting audio file /Users/yudong/dev/birdnet-pipy/data/recordings/20231116_195625.wav into 3 second chunks
Reading audio data... 127.0.0.1 - - [20/Nov/2023 17:09:43] "POST /analyze HTTP/1.1" 200 -
Done! Read 3 chunks.
Analyzing audio chunks with sensitivity: 0.75, cutoff: 0.6
Finished analyzing file: /Users/yudong/dev/birdnet-pipy/data/recordings/20231116_195625.wav, total detections: 1
Generating local species list with lat: 36.018, lon: -78.969, week: 47
Spliiting audio file /Users/yudong/dev/birdnet-pipy/data/recordings/20231116_195635.wav into 3 second chunks
Reading audio data... 127.0.0.1 - - [20/Nov/2023 17:09:44] "POST /analyze HTTP/1.1" 200 -
Done! Read 3 chunks.
Analyzing audio chunks with sensitivity: 0.75, cutoff: 0.6
Finished analyzing file: /Users/yudong/dev/birdnet-pipy/data/recordings/20231116_195635.wav, total detections: 0
Generating local species list with lat: 36.018, lon: -78.969, week: 47
Spliiting audio file /Users/yudong/dev/birdnet-pipy/data/recordings/20231116_195644.wav into 3 second chunks
Reading audio data... 127.0.0.1 - - [20/Nov/2023 17:09:44] "POST /analyze HTTP/1.1" 200 -
Done! Read 3 chunks.
Analyzing audio chunks with sensitivity: 0.75, cutoff: 0.6
Finished analyzing file: /Users/yudong/dev/birdnet-pipy/data/recordings/20231116_195644.wav, total detections: 0
Generating local species list with lat: 36.018, lon: -78.969, week: 47
Spliiting audio file /Users/yudong/dev/birdnet-pipy/data/recordings/20231116_195653.wav into 3 second chunks
Reading audio data... 127.0.0.1 - - [20/Nov/2023 17:09:44] "POST /analyze HTTP/1.1" 200 -
Done! Read 3 chunks.
Analyzing audio chunks with sensitivity: 0.75, cutoff: 0.6
Finished analyzing file: /Users/yudong/dev/birdnet-pipy/data/recordings/20231116_195653.wav, total detections: 1
Generating local species list with lat: 36.018, lon: -78.969, week: 47
Spliiting audio file /Users/yudong/dev/birdnet-pipy/data/recordings/20231116_195705.wav into 3 second chunks
Reading audio data... 127.0.0.1 - - [20/Nov/2023 17:09:45] "POST /analyze HTTP/1.1" 200 -
Done! Read 3 chunks.
Analyzing audio chunks with sensitivity: 0.75, cutoff: 0.6
Finished analyzing file: /Users/yudong/dev/birdnet-pipy/data/recordings/20231116_195705.wav, total detections: 1
Generating local species list with lat: 36.018, lon: -78.969, week: 47
Spliiting audio file /Users/yudong/dev/birdnet-pipy/data/recordings/20231116_195714.wav into 3 second chunks
Reading audio data... 127.0.0.1 - - [20/Nov/2023 17:09:45] "POST /analyze HTTP/1.1" 200 -
Done! Read 3 chunks.
Analyzing audio chunks with sensitivity: 0.75, cutoff: 0.6
Finished analyzing file: /Users/yudong/dev/birdnet-pipy/data/recordings/20231116_195714.wav, total detections: 0
Generating local species list with lat: 36.018, lon: -78.969, week: 47
Spliiting audio file /Users/yudong/dev/birdnet-pipy/data/recordings/20231116_195723.wav into 3 second chunks
Reading audio data... 127.0.0.1 - - [20/Nov/2023 17:09:45] "POST /analyze HTTP/1.1" 200 -
Done! Read 3 chunks.
Analyzing audio chunks with sensitivity: 0.75, cutoff: 0.6
Finished analyzing file: /Users/yudong/dev/birdnet-pipy/data/recordings/20231116_195723.wav, total detections: 0
Generating local species list with lat: 36.018, lon: -78.969, week: 47
Spliiting audio file /Users/yudong/dev/birdnet-pipy/data/recordings/20231116_195732.wav into 3 second chunks
Reading audio data... 127.0.0.1 - - [20/Nov/2023 17:09:45] "POST /analyze HTTP/1.1" 200 -
Done! Read 3 chunks.
Analyzing audio chunks with sensitivity: 0.75, cutoff: 0.6
Finished analyzing file: /Users/yudong/dev/birdnet-pipy/data/recordings/20231116_195732.wav, total detections: 0
Generating local species list with lat: 36.018, lon: -78.969, week: 47
Spliiting audio file /Users/yudong/dev/birdnet-pipy/data/recordings/20231116_195742.wav into 3 second chunks
Reading audio data... 127.0.0.1 - - [20/Nov/2023 17:09:46] "POST /analyze HTTP/1.1" 200 -
Done! Read 3 chunks.
Analyzing audio chunks with sensitivity: 0.75, cutoff: 0.6
Finished analyzing file: /Users/yudong/dev/birdnet-pipy/data/recordings/20231116_195742.wav, total detections: 1
Generating local species list with lat: 36.018, lon: -78.969, week: 47
Spliiting audio file /Users/yudong/dev/birdnet-pipy/data/recordings/20231120_001336.wav into 3 second chunks
Reading audio data... 127.0.0.1 - - [20/Nov/2023 17:09:46] "POST /analyze HTTP/1.1" 200 -
Done! Read 3 chunks.
Analyzing audio chunks with sensitivity: 0.75, cutoff: 0.6
Finished analyzing file: /Users/yudong/dev/birdnet-pipy/data/recordings/20231120_001336.wav, total detections: 0
Generating local species list with lat: 36.018, lon: -78.969, week: 47
Spliiting audio file /Users/yudong/dev/birdnet-pipy/data/recordings/20231120_001346.wav into 3 second chunks
Reading audio data... 127.0.0.1 - - [20/Nov/2023 17:09:46] "POST /analyze HTTP/1.1" 200 -
Done! Read 3 chunks.
Analyzing audio chunks with sensitivity: 0.75, cutoff: 0.6
Finished analyzing file: /Users/yudong/dev/birdnet-pipy/data/recordings/20231120_001346.wav, total detections: 0
Generating local species list with lat: 36.018, lon: -78.969, week: 47
Spliiting audio file /Users/yudong/dev/birdnet-pipy/data/recordings/20231120_001355.wav into 3 second chunks
Reading audio data... 127.0.0.1 - - [20/Nov/2023 17:09:46] "POST /analyze HTTP/1.1" 200 -
Done! Read 3 chunks.
Analyzing audio chunks with sensitivity: 0.75, cutoff: 0.6
Finished analyzing file: /Users/yudong/dev/birdnet-pipy/data/recordings/20231120_001355.wav, total detections: 0
Generating local species list with lat: 36.018, lon: -78.969, week: 47
Spliiting audio file /Users/yudong/dev/birdnet-pipy/data/recordings/20231120_001404.wav into 3 second chunks
Reading audio data... 127.0.0.1 - - [20/Nov/2023 17:09:46] "POST /analyze HTTP/1.1" 200 -
Done! Read 3 chunks.
Analyzing audio chunks with sensitivity: 0.75, cutoff: 0.6
Finished analyzing file: /Users/yudong/dev/birdnet-pipy/data/recordings/20231120_001404.wav, total detections: 1
Generating local species list with lat: 36.018, lon: -78.969, week: 47
Spliiting audio file /Users/yudong/dev/birdnet-pipy/data/recordings/20231120_001414.wav into 3 second chunks
Reading audio data... 127.0.0.1 - - [20/Nov/2023 17:09:47] "POST /analyze HTTP/1.1" 200 -
Done! Read 3 chunks.
Analyzing audio chunks with sensitivity: 0.75, cutoff: 0.6
Finished analyzing file: /Users/yudong/dev/birdnet-pipy/data/recordings/20231120_001414.wav, total detections: 3
Generating local species list with lat: 36.018, lon: -78.969, week: 47
Spliiting audio file /Users/yudong/dev/birdnet-pipy/data/recordings/20231120_001423.wav into 3 second chunks
Reading audio data... 127.0.0.1 - - [20/Nov/2023 17:09:47] "POST /analyze HTTP/1.1" 200 -
Done! Read 3 chunks.
Analyzing audio chunks with sensitivity: 0.75, cutoff: 0.6
Finished analyzing file: /Users/yudong/dev/birdnet-pipy/data/recordings/20231120_001423.wav, total detections: 1
Generating local species list with lat: 36.018, lon: -78.969, week: 47
Spliiting audio file /Users/yudong/dev/birdnet-pipy/data/recordings/20231120_001432.wav into 3 second chunks
Reading audio data... 127.0.0.1 - - [20/Nov/2023 17:09:48] "POST /analyze HTTP/1.1" 200 -
Done! Read 3 chunks.
Analyzing audio chunks with sensitivity: 0.75, cutoff: 0.6
Finished analyzing file: /Users/yudong/dev/birdnet-pipy/data/recordings/20231120_001432.wav, total detections: 0
Generating local species list with lat: 36.018, lon: -78.969, week: 47
Spliiting audio file /Users/yudong/dev/birdnet-pipy/data/recordings/20231120_001442.wav into 3 second chunks
Reading audio data... 127.0.0.1 - - [20/Nov/2023 17:09:48] "POST /analyze HTTP/1.1" 200 -
Done! Read 3 chunks.
Analyzing audio chunks with sensitivity: 0.75, cutoff: 0.6
Finished analyzing file: /Users/yudong/dev/birdnet-pipy/data/recordings/20231120_001442.wav, total detections: 0
Generating local species list with lat: 36.018, lon: -78.969, week: 47
Spliiting audio file /Users/yudong/dev/birdnet-pipy/data/recordings/20231120_001451.wav into 3 second chunks
Reading audio data... 127.0.0.1 - - [20/Nov/2023 17:09:48] "POST /analyze HTTP/1.1" 200 -
Done! Read 3 chunks.
Analyzing audio chunks with sensitivity: 0.75, cutoff: 0.6
Finished analyzing file: /Users/yudong/dev/birdnet-pipy/data/recordings/20231120_001451.wav, total detections: 0
Generating local species list with lat: 36.018, lon: -78.969, week: 47
Spliiting audio file /Users/yudong/dev/birdnet-pipy/data/recordings/20231120_001500.wav into 3 second chunks
Reading audio data... 127.0.0.1 - - [20/Nov/2023 17:09:48] "POST /analyze HTTP/1.1" 200 -
Done! Read 3 chunks.
Analyzing audio chunks with sensitivity: 0.75, cutoff: 0.6
Finished analyzing file: /Users/yudong/dev/birdnet-pipy/data/recordings/20231120_001500.wav, total detections: 2
Generating local species list with lat: 36.018, lon: -78.969, week: 47
Spliiting audio file /Users/yudong/dev/birdnet-pipy/data/recordings/20231120_001509.wav into 3 second chunks
Reading audio data... 127.0.0.1 - - [20/Nov/2023 17:09:49] "POST /analyze HTTP/1.1" 200 -
Done! Read 3 chunks.
Analyzing audio chunks with sensitivity: 0.75, cutoff: 0.6
Finished analyzing file: /Users/yudong/dev/birdnet-pipy/data/recordings/20231120_001509.wav, total detections: 0
Generating local species list with lat: 36.018, lon: -78.969, week: 47
Spliiting audio file /Users/yudong/dev/birdnet-pipy/data/recordings/20231120_001519.wav into 3 second chunks
Reading audio data... 127.0.0.1 - - [20/Nov/2023 17:09:49] "POST /analyze HTTP/1.1" 200 -
Done! Read 3 chunks.
Analyzing audio chunks with sensitivity: 0.75, cutoff: 0.6
Finished analyzing file: /Users/yudong/dev/birdnet-pipy/data/recordings/20231120_001519.wav, total detections: 0
Generating local species list with lat: 36.018, lon: -78.969, week: 47
Spliiting audio file /Users/yudong/dev/birdnet-pipy/data/recordings/20231120_001528.wav into 3 second chunks
Reading audio data... 127.0.0.1 - - [20/Nov/2023 17:09:49] "POST /analyze HTTP/1.1" 200 -
Done! Read 3 chunks.
Analyzing audio chunks with sensitivity: 0.75, cutoff: 0.6
Finished analyzing file: /Users/yudong/dev/birdnet-pipy/data/recordings/20231120_001528.wav, total detections: 1
Generating local species list with lat: 36.018, lon: -78.969, week: 47
Spliiting audio file /Users/yudong/dev/birdnet-pipy/data/recordings/20231120_001537.wav into 3 second chunks
Reading audio data... 127.0.0.1 - - [20/Nov/2023 17:09:50] "POST /analyze HTTP/1.1" 200 -
Done! Read 3 chunks.
Analyzing audio chunks with sensitivity: 0.75, cutoff: 0.6
Finished analyzing file: /Users/yudong/dev/birdnet-pipy/data/recordings/20231120_001537.wav, total detections: 0
Generating local species list with lat: 36.018, lon: -78.969, week: 47
Spliiting audio file /Users/yudong/dev/birdnet-pipy/data/recordings/20231120_001546.wav into 3 second chunks
Reading audio data... 127.0.0.1 - - [20/Nov/2023 17:09:50] "POST /analyze HTTP/1.1" 200 -
Done! Read 3 chunks.
Analyzing audio chunks with sensitivity: 0.75, cutoff: 0.6
Finished analyzing file: /Users/yudong/dev/birdnet-pipy/data/recordings/20231120_001546.wav, total detections: 0
Generating local species list with lat: 36.018, lon: -78.969, week: 47
Spliiting audio file /Users/yudong/dev/birdnet-pipy/data/recordings/20231120_001556.wav into 3 second chunks
Reading audio data... 127.0.0.1 - - [20/Nov/2023 17:09:50] "POST /analyze HTTP/1.1" 200 -
Done! Read 3 chunks.
Analyzing audio chunks with sensitivity: 0.75, cutoff: 0.6
Finished analyzing file: /Users/yudong/dev/birdnet-pipy/data/recordings/20231120_001556.wav, total detections: 0
Generating local species list with lat: 36.018, lon: -78.969, week: 47
Spliiting audio file /Users/yudong/dev/birdnet-pipy/data/recordings/20231120_001605.wav into 3 second chunks
Reading audio data... 127.0.0.1 - - [20/Nov/2023 17:09:50] "POST /analyze HTTP/1.1" 200 -
Done! Read 3 chunks.
Analyzing audio chunks with sensitivity: 0.75, cutoff: 0.6
Finished analyzing file: /Users/yudong/dev/birdnet-pipy/data/recordings/20231120_001605.wav, total detections: 0
Generating local species list with lat: 36.018, lon: -78.969, week: 47
Spliiting audio file /Users/yudong/dev/birdnet-pipy/data/recordings/20231120_001614.wav into 3 second chunks
Reading audio data... 127.0.0.1 - - [20/Nov/2023 17:09:50] "POST /analyze HTTP/1.1" 200 -
Done! Read 3 chunks.
Analyzing audio chunks with sensitivity: 0.75, cutoff: 0.6
Finished analyzing file: /Users/yudong/dev/birdnet-pipy/data/recordings/20231120_001614.wav, total detections: 1
Generating local species list with lat: 36.018, lon: -78.969, week: 47
Spliiting audio file /Users/yudong/dev/birdnet-pipy/data/recordings/20231120_001624.wav into 3 second chunks
Reading audio data... 127.0.0.1 - - [20/Nov/2023 17:09:51] "POST /analyze HTTP/1.1" 200 -
Done! Read 3 chunks.
Analyzing audio chunks with sensitivity: 0.75, cutoff: 0.6
Finished analyzing file: /Users/yudong/dev/birdnet-pipy/data/recordings/20231120_001624.wav, total detections: 0
Generating local species list with lat: 36.018, lon: -78.969, week: 47
Spliiting audio file /Users/yudong/dev/birdnet-pipy/data/recordings/20231120_001633.wav into 3 second chunks
Reading audio data... 127.0.0.1 - - [20/Nov/2023 17:09:51] "POST /analyze HTTP/1.1" 200 -
Done! Read 3 chunks.
Analyzing audio chunks with sensitivity: 0.75, cutoff: 0.6
Finished analyzing file: /Users/yudong/dev/birdnet-pipy/data/recordings/20231120_001633.wav, total detections: 1
Generating local species list with lat: 36.018, lon: -78.969, week: 47
Spliiting audio file /Users/yudong/dev/birdnet-pipy/data/recordings/20231120_001642.wav into 3 second chunks
Reading audio data... 127.0.0.1 - - [20/Nov/2023 17:09:51] "POST /analyze HTTP/1.1" 200 -
Done! Read 3 chunks.
Analyzing audio chunks with sensitivity: 0.75, cutoff: 0.6
Finished analyzing file: /Users/yudong/dev/birdnet-pipy/data/recordings/20231120_001642.wav, total detections: 1
Generating local species list with lat: 36.018, lon: -78.969, week: 47
Spliiting audio file /Users/yudong/dev/birdnet-pipy/data/recordings/20231120_001651.wav into 3 second chunks
Reading audio data... 127.0.0.1 - - [20/Nov/2023 17:09:52] "POST /analyze HTTP/1.1" 200 -
Done! Read 3 chunks.
Analyzing audio chunks with sensitivity: 0.75, cutoff: 0.6
Finished analyzing file: /Users/yudong/dev/birdnet-pipy/data/recordings/20231120_001651.wav, total detections: 1
Generating local species list with lat: 36.018, lon: -78.969, week: 47
Spliiting audio file /Users/yudong/dev/birdnet-pipy/data/recordings/20231120_001701.wav into 3 second chunks
Reading audio data... 127.0.0.1 - - [20/Nov/2023 17:09:52] "POST /analyze HTTP/1.1" 200 -
Done! Read 3 chunks.
Analyzing audio chunks with sensitivity: 0.75, cutoff: 0.6
Finished analyzing file: /Users/yudong/dev/birdnet-pipy/data/recordings/20231120_001701.wav, total detections: 0
Generating local species list with lat: 36.018, lon: -78.969, week: 47
Spliiting audio file /Users/yudong/dev/birdnet-pipy/data/recordings/20231120_001710.wav into 3 second chunks
Reading audio data... 127.0.0.1 - - [20/Nov/2023 17:09:52] "POST /analyze HTTP/1.1" 200 -
Done! Read 3 chunks.
Analyzing audio chunks with sensitivity: 0.75, cutoff: 0.6
Finished analyzing file: /Users/yudong/dev/birdnet-pipy/data/recordings/20231120_001710.wav, total detections: 0
Generating local species list with lat: 36.018, lon: -78.969, week: 47
Spliiting audio file /Users/yudong/dev/birdnet-pipy/data/recordings/20231120_001719.wav into 3 second chunks
Reading audio data... 127.0.0.1 - - [20/Nov/2023 17:09:52] "POST /analyze HTTP/1.1" 200 -
Done! Read 3 chunks.
Analyzing audio chunks with sensitivity: 0.75, cutoff: 0.6
Finished analyzing file: /Users/yudong/dev/birdnet-pipy/data/recordings/20231120_001719.wav, total detections: 0
Generating local species list with lat: 36.018, lon: -78.969, week: 47
Spliiting audio file /Users/yudong/dev/birdnet-pipy/data/recordings/20231120_001728.wav into 3 second chunks
Reading audio data... 127.0.0.1 - - [20/Nov/2023 17:09:53] "POST /analyze HTTP/1.1" 200 -
Done! Read 3 chunks.
Analyzing audio chunks with sensitivity: 0.75, cutoff: 0.6
Finished analyzing file: /Users/yudong/dev/birdnet-pipy/data/recordings/20231120_001728.wav, total detections: 0
Generating local species list with lat: 36.018, lon: -78.969, week: 47
Spliiting audio file /Users/yudong/dev/birdnet-pipy/data/recordings/20231120_001738.wav into 3 second chunks
Reading audio data... 127.0.0.1 - - [20/Nov/2023 17:09:53] "POST /analyze HTTP/1.1" 200 -
Done! Read 3 chunks.
Analyzing audio chunks with sensitivity: 0.75, cutoff: 0.6
Finished analyzing file: /Users/yudong/dev/birdnet-pipy/data/recordings/20231120_001738.wav, total detections: 0
Generating local species list with lat: 36.018, lon: -78.969, week: 47
Spliiting audio file /Users/yudong/dev/birdnet-pipy/data/recordings/20231120_001747.wav into 3 second chunks
Reading audio data... 127.0.0.1 - - [20/Nov/2023 17:09:53] "POST /analyze HTTP/1.1" 200 -
Done! Read 3 chunks.
Analyzing audio chunks with sensitivity: 0.75, cutoff: 0.6
Finished analyzing file: /Users/yudong/dev/birdnet-pipy/data/recordings/20231120_001747.wav, total detections: 0
Generating local species list with lat: 36.018, lon: -78.969, week: 47
Spliiting audio file /Users/yudong/dev/birdnet-pipy/data/recordings/20231120_001756.wav into 3 second chunks
Reading audio data... 127.0.0.1 - - [20/Nov/2023 17:09:53] "POST /analyze HTTP/1.1" 200 -
Done! Read 3 chunks.
Analyzing audio chunks with sensitivity: 0.75, cutoff: 0.6
Finished analyzing file: /Users/yudong/dev/birdnet-pipy/data/recordings/20231120_001756.wav, total detections: 0
Generating local species list with lat: 36.018, lon: -78.969, week: 47
Spliiting audio file /Users/yudong/dev/birdnet-pipy/data/recordings/20231120_001805.wav into 3 second chunks
Reading audio data... 127.0.0.1 - - [20/Nov/2023 17:09:53] "POST /analyze HTTP/1.1" 200 -
Done! Read 3 chunks.
Analyzing audio chunks with sensitivity: 0.75, cutoff: 0.6
Finished analyzing file: /Users/yudong/dev/birdnet-pipy/data/recordings/20231120_001805.wav, total detections: 1
Generating local species list with lat: 36.018, lon: -78.969, week: 47
Spliiting audio file /Users/yudong/dev/birdnet-pipy/data/recordings/20231120_001815.wav into 3 second chunks
Reading audio data... 127.0.0.1 - - [20/Nov/2023 17:09:54] "POST /analyze HTTP/1.1" 200 -
Done! Read 3 chunks.
Analyzing audio chunks with sensitivity: 0.75, cutoff: 0.6
Finished analyzing file: /Users/yudong/dev/birdnet-pipy/data/recordings/20231120_001815.wav, total detections: 1
Generating local species list with lat: 36.018, lon: -78.969, week: 47
Spliiting audio file /Users/yudong/dev/birdnet-pipy/data/recordings/20231120_001824.wav into 3 second chunks
Reading audio data... 127.0.0.1 - - [20/Nov/2023 17:09:54] "POST /analyze HTTP/1.1" 200 -
Done! Read 3 chunks.
Analyzing audio chunks with sensitivity: 0.75, cutoff: 0.6
Finished analyzing file: /Users/yudong/dev/birdnet-pipy/data/recordings/20231120_001824.wav, total detections: 1
Generating local species list with lat: 36.018, lon: -78.969, week: 47
Spliiting audio file /Users/yudong/dev/birdnet-pipy/data/recordings/20231120_001833.wav into 3 second chunks
Reading audio data... 127.0.0.1 - - [20/Nov/2023 17:09:55] "POST /analyze HTTP/1.1" 200 -
Done! Read 3 chunks.
Analyzing audio chunks with sensitivity: 0.75, cutoff: 0.6
Finished analyzing file: /Users/yudong/dev/birdnet-pipy/data/recordings/20231120_001833.wav, total detections: 1
Generating local species list with lat: 36.018, lon: -78.969, week: 47
Spliiting audio file /Users/yudong/dev/birdnet-pipy/data/recordings/20231120_001843.wav into 3 second chunks
Reading audio data... 127.0.0.1 - - [20/Nov/2023 17:09:55] "POST /analyze HTTP/1.1" 200 -
